<?xml version="1.0" encoding="UTF-8"?>
<!-- Generated by org.testng.reporters.JUnitReportReporter -->
<testsuite hostname="Ankush" name="testScript.PriceCompareScript" tests="1" failures="0" timestamp="22 Mar 2020 07:49:17 GMT" time="26.040" errors="0">
  <testcase name="comparePrice" time="26.040" classname="testScript.PriceCompareScript"/>
</testsuite> <!-- testScript.PriceCompareScript -->
